0 96.459679 24.171597 40.192169
1 96.578888 24.214497 40.260834
2 96.617493 24.235947 40.230316
3 96.498230 24.235947 40.092987
4 96.498230 24.278847 39.825958
5 96.459679 24.182322 40.459198
6 96.536781 24.193047 40.260834
7 96.459679 24.214497 40.062469
8 96.498230 24.203772 39.963287
9 96.578888 24.182322 40.031952
10 96.498230 24.160872 40.031952
11 96.617493 24.257397 40.161652
12 96.656097 24.311024 40.131134
13 96.617493 24.300299 40.085358
14 96.617493 24.246672 40.329498
15 96.536781 24.235947 40.230316
16 96.775414 24.225222 39.825958
17 96.498230 24.257397 39.566559
18 96.656097 24.257397 40.131134
19 96.536781 24.171597 40.459198
20 96.536781 24.193047 40.230316
21 96.617493 24.150146 40.031952
22 96.536781 24.160872 40.329498
23 96.736763 24.064346 40.268463
24 96.617493 24.107246 40.405792
25 96.578888 24.096521 40.337128
26 96.459679 24.096521 40.367645
27 96.656097 24.107246 40.268463
28 96.536781 24.128696 40.237946
29 96.656097 24.085796 40.367645
30 96.459679 24.171597 40.192169
31 96.498230 24.139421 40.459198
32 96.575340 24.182322 40.329498
33 96.459679 24.193047 40.062469
34 96.498230 24.139421 39.940399
35 96.736763 24.150146 40.230316
36 96.617493 24.160872 40.360016
37 96.498230 24.182322 39.894623
38 96.498230 24.235947 40.291351
39 96.498230 24.203772 40.092987
40 96.459679 24.171597 40.161652
41 96.459679 24.193047 40.329498
42 96.736763 24.139421 40.360016
43 96.459679 24.182322 40.459198
44 96.536781 24.214497 40.390533
45 96.421120 24.203772 40.161652
46 96.498230 24.150146 40.291351
47 96.536781 24.214497 40.161652
48 96.540291 24.203772 40.527863
49 96.656097 24.193047 40.192169
